<?xml version="1.0" encoding="UTF-8"?>
<!-- Generated by org.testng.reporters.JUnitXMLReporter -->
<testsuite ignored="0" hostname="DESKTOP-L7ULLRL" failures="2" tests="2" name="Test" time="8.53" errors="0" timestamp="2023-09-08T14:12:59 IST">
  <testcase classname="testNg.Lstnr" name="verifyTitle" time="0.023">
    <failure type="java.lang.AssertionError" message="expected [Facebook – log in or sign u] but found [Facebook – log in or sign up]">
      <![CDATA[java.lang.AssertionError: expected [Facebook – log in or sign u] but found [Facebook – log in or sign up]
at testNg.Lstnr.verifyTitle(Lstnr.java:37)
at java.base/java.util.ArrayList.forEach(ArrayList.java:1511)
... Removed 33 stack frames]]>
    </failure>
  </testcase> <!-- verifyTitle -->
  <testcase classname="testNg.Lstnr" name="verifyUrl" time="0.016">
    <failure type="java.lang.AssertionError" message="expected [https://www.facebook.co/] but found [https://www.facebook.com/]">
      <![CDATA[java.lang.AssertionError: expected [https://www.facebook.co/] but found [https://www.facebook.com/]
at testNg.Lstnr.verifyUrl(Lstnr.java:42)
at java.base/java.util.ArrayList.forEach(ArrayList.java:1511)
... Removed 33 stack frames]]>
    </failure>
  </testcase> <!-- verifyUrl -->
</testsuite> <!-- Test -->
