<?xml version="1.0" encoding="UTF-8"?>
<testng-results ignored="0" total="1" passed="1" failed="0" skipped="0">
  <reporter-output>
  </reporter-output>
  <suite started-at="2023-10-03T16:41:32 IST" name="Default suite" finished-at="2023-10-03T16:41:33 IST" duration-ms="829">
    <groups>
    </groups>
    <test started-at="2023-10-03T16:41:32 IST" name="Default test" finished-at="2023-10-03T16:41:33 IST" duration-ms="829">
      <class name="POM.LoginTest">
        <test-method is-config="true" signature="beforeSuite()[pri:0, instance:POM.LoginTest@59662a0b]" started-at="2023-10-03T16:41:22 IST" name="beforeSuite" finished-at="2023-10-03T16:41:32 IST" duration-ms="9953" status="PASS">
          <reporter-output>
          </reporter-output>
        </test-method> <!-- beforeSuite -->
        <test-method is-config="true" signature="initObject()[pri:0, instance:POM.LoginTest@59662a0b]" started-at="2023-10-03T16:41:32 IST" name="initObject" finished-at="2023-10-03T16:41:32 IST" duration-ms="38" status="PASS">
          <reporter-output>
          </reporter-output>
        </test-method> <!-- initObject -->
        <test-method signature="login()[pri:0, instance:POM.LoginTest@59662a0b]" started-at="2023-10-03T16:41:32 IST" name="login" finished-at="2023-10-03T16:41:33 IST" duration-ms="742" status="PASS">
          <reporter-output>
          </reporter-output>
        </test-method> <!-- login -->
        <test-method is-config="true" signature="afterSuite()[pri:0, instance:POM.LoginTest@59662a0b]" started-at="2023-10-03T16:41:33 IST" name="afterSuite" finished-at="2023-10-03T16:41:33 IST" duration-ms="310" status="PASS">
          <reporter-output>
          </reporter-output>
        </test-method> <!-- afterSuite -->
      </class> <!-- POM.LoginTest -->
    </test> <!-- Default test -->
  </suite> <!-- Default suite -->
</testng-results>
